make --dry-run --always-make --keep-going --print-directory
make: Entering directory '/home/ch4pl1n/Documentos/UTFPR/2_periodo/tecnicas_de_programacao/trabalhos/game'
g++ -o src/Lists/EntityList.o src/Lists/EntityList.cpp  -lsfml-window  -lsfml-graphics  -lsfml-system -lm  -Iinclude -c 
g++ -o src/Game.o src/Game.cpp  -lsfml-window  -lsfml-graphics  -lsfml-system -lm  -Iinclude -c 
g++ -o src/Graphics/Background.o src/Graphics/Background.cpp  -lsfml-window  -lsfml-graphics  -lsfml-system -lm  -Iinclude -c 
g++ -o src/Graphics/Text.o src/Graphics/Text.cpp  -lsfml-window  -lsfml-graphics  -lsfml-system -lm  -Iinclude -c 
g++ -o src/Graphics/Button.o src/Graphics/Button.cpp  -lsfml-window  -lsfml-graphics  -lsfml-system -lm  -Iinclude -c 
g++ -o src/Graphics/Hud.o src/Graphics/Hud.cpp  -lsfml-window  -lsfml-graphics  -lsfml-system -lm  -Iinclude -c 
g++ -o src/Ent/Ent.o src/Ent/Ent.cpp  -lsfml-window  -lsfml-graphics  -lsfml-system -lm  -Iinclude -c 
g++ -o src/Menus/Pause.o src/Menus/Pause.cpp  -lsfml-window  -lsfml-graphics  -lsfml-system -lm  -Iinclude -c 
g++ -o src/Menus/MainMenu.o src/Menus/MainMenu.cpp  -lsfml-window  -lsfml-graphics  -lsfml-system -lm  -Iinclude -c 
g++ -o src/Menus/GameOver.o src/Menus/GameOver.cpp  -lsfml-window  -lsfml-graphics  -lsfml-system -lm  -Iinclude -c 
g++ -o src/Menus/Menu.o src/Menus/Menu.cpp  -lsfml-window  -lsfml-graphics  -lsfml-system -lm  -Iinclude -c 
g++ -o src/Levels/FirstLevel.o src/Levels/FirstLevel.cpp  -lsfml-window  -lsfml-graphics  -lsfml-system -lm  -Iinclude -c 
g++ -o src/Levels/SecondLevel.o src/Levels/SecondLevel.cpp  -lsfml-window  -lsfml-graphics  -lsfml-system -lm  -Iinclude -c 
g++ -o src/Levels/Level.o src/Levels/Level.cpp  -lsfml-window  -lsfml-graphics  -lsfml-system -lm  -Iinclude -c 
g++ -o src/Entities/Entity.o src/Entities/Entity.cpp  -lsfml-window  -lsfml-graphics  -lsfml-system -lm  -Iinclude -c 
g++ -o src/Entities/Characters/Player.o src/Entities/Characters/Player.cpp  -lsfml-window  -lsfml-graphics  -lsfml-system -lm  -Iinclude -c 
g++ -o src/Entities/Characters/Character.o src/Entities/Characters/Character.cpp  -lsfml-window  -lsfml-graphics  -lsfml-system -lm  -Iinclude -c 
g++ -o src/Entities/Characters/Enemies/Goblin.o src/Entities/Characters/Enemies/Goblin.cpp  -lsfml-window  -lsfml-graphics  -lsfml-system -lm  -Iinclude -c 
g++ -o src/Entities/Characters/Enemies/Skeleton.o src/Entities/Characters/Enemies/Skeleton.cpp  -lsfml-window  -lsfml-graphics  -lsfml-system -lm  -Iinclude -c 
g++ -o src/Entities/Characters/Enemies/Boss.o src/Entities/Characters/Enemies/Boss.cpp  -lsfml-window  -lsfml-graphics  -lsfml-system -lm  -Iinclude -c 
g++ -o src/Entities/Characters/Enemies/Enemy.o src/Entities/Characters/Enemies/Enemy.cpp  -lsfml-window  -lsfml-graphics  -lsfml-system -lm  -Iinclude -c 
g++ -o src/Entities/FireBall.o src/Entities/FireBall.cpp  -lsfml-window  -lsfml-graphics  -lsfml-system -lm  -Iinclude -c 
g++ -o src/Entities/Objects/Object.o src/Entities/Objects/Object.cpp  -lsfml-window  -lsfml-graphics  -lsfml-system -lm  -Iinclude -c 
g++ -o src/Entities/Objects/Surfaces/Pavement.o src/Entities/Objects/Surfaces/Pavement.cpp  -lsfml-window  -lsfml-graphics  -lsfml-system -lm  -Iinclude -c 
g++ -o src/Entities/Objects/Surfaces/Ground.o src/Entities/Objects/Surfaces/Ground.cpp  -lsfml-window  -lsfml-graphics  -lsfml-system -lm  -Iinclude -c 
g++ -o src/Entities/Objects/Surfaces/MiniGround.o src/Entities/Objects/Surfaces/MiniGround.cpp  -lsfml-window  -lsfml-graphics  -lsfml-system -lm  -Iinclude -c 
g++ -o src/Entities/Objects/Surfaces/InvisibleBlock.o src/Entities/Objects/Surfaces/InvisibleBlock.cpp  -lsfml-window  -lsfml-graphics  -lsfml-system -lm  -Iinclude -c 
g++ -o src/Entities/Objects/Obstacles/Box.o src/Entities/Objects/Obstacles/Box.cpp  -lsfml-window  -lsfml-graphics  -lsfml-system -lm  -Iinclude -c 
g++ -o src/Entities/Objects/Obstacles/Thorns.o src/Entities/Objects/Obstacles/Thorns.cpp  -lsfml-window  -lsfml-graphics  -lsfml-system -lm  -Iinclude -c 
g++ -o src/Entities/Objects/Obstacles/Statue.o src/Entities/Objects/Obstacles/Statue.cpp  -lsfml-window  -lsfml-graphics  -lsfml-system -lm  -Iinclude -c 
g++ -o src/Entities/Objects/Obstacles/Wagon.o src/Entities/Objects/Obstacles/Wagon.cpp  -lsfml-window  -lsfml-graphics  -lsfml-system -lm  -Iinclude -c 
g++ -o src/Entities/Objects/Obstacles/Barrel.o src/Entities/Objects/Obstacles/Barrel.cpp  -lsfml-window  -lsfml-graphics  -lsfml-system -lm  -Iinclude -c 
g++ -o src/Managers/Control/PlayerControl.o src/Managers/Control/PlayerControl.cpp  -lsfml-window  -lsfml-graphics  -lsfml-system -lm  -Iinclude -c 
g++ -o src/Managers/Control/LevelKeys.o src/Managers/Control/LevelKeys.cpp  -lsfml-window  -lsfml-graphics  -lsfml-system -lm  -Iinclude -c 
g++ -o src/Managers/Control/MenuControl.o src/Managers/Control/MenuControl.cpp  -lsfml-window  -lsfml-graphics  -lsfml-system -lm  -Iinclude -c 
g++ -o src/Managers/Control/LevelControl.o src/Managers/Control/LevelControl.cpp  -lsfml-window  -lsfml-graphics  -lsfml-system -lm  -Iinclude -c 
g++ -o src/Managers/Control/MenuKeys.o src/Managers/Control/MenuKeys.cpp  -lsfml-window  -lsfml-graphics  -lsfml-system -lm  -Iinclude -c 
g++ -o src/Managers/Control/PlayerKeys.o src/Managers/Control/PlayerKeys.cpp  -lsfml-window  -lsfml-graphics  -lsfml-system -lm  -Iinclude -c 
g++ -o src/Managers/EventType.o src/Managers/EventType.cpp  -lsfml-window  -lsfml-graphics  -lsfml-system -lm  -Iinclude -c 
g++ -o src/Managers/Graphics.o src/Managers/Graphics.cpp  -lsfml-window  -lsfml-graphics  -lsfml-system -lm  -Iinclude -c 
g++ -o src/Managers/Collision.o src/Managers/Collision.cpp  -lsfml-window  -lsfml-graphics  -lsfml-system -lm  -Iinclude -c 
g++ -o src/Managers/Input.o src/Managers/Input.cpp  -lsfml-window  -lsfml-graphics  -lsfml-system -lm  -Iinclude -c 
g++ -o src/Managers/Keyboard.o src/Managers/Keyboard.cpp  -lsfml-window  -lsfml-graphics  -lsfml-system -lm  -Iinclude -c 
g++ -o src/Managers/Event.o src/Managers/Event.cpp  -lsfml-window  -lsfml-graphics  -lsfml-system -lm  -Iinclude -c 
g++ -o src/Patterns/StateMachine.o src/Patterns/StateMachine.cpp  -lsfml-window  -lsfml-graphics  -lsfml-system -lm  -Iinclude -c 
g++ -o src/Patterns/State.o src/Patterns/State.cpp  -lsfml-window  -lsfml-graphics  -lsfml-system -lm  -Iinclude -c 
g++ -o src/Animation/Animator.o src/Animation/Animator.cpp  -lsfml-window  -lsfml-graphics  -lsfml-system -lm  -Iinclude -c 
g++ -o main.o main.cpp  -lsfml-window  -lsfml-graphics  -lsfml-system -lm  -Iinclude -c
g++ -o main src/Lists/EntityList.o src/Game.o src/Graphics/Background.o src/Graphics/Text.o src/Graphics/Button.o src/Graphics/Hud.o src/Ent/Ent.o src/Menus/Pause.o src/Menus/MainMenu.o src/Menus/GameOver.o src/Menus/Menu.o src/Levels/FirstLevel.o src/Levels/SecondLevel.o src/Levels/Level.o src/Entities/Entity.o src/Entities/Characters/Player.o src/Entities/Characters/Character.o src/Entities/Characters/Enemies/Goblin.o src/Entities/Characters/Enemies/Skeleton.o src/Entities/Characters/Enemies/Boss.o src/Entities/Characters/Enemies/Enemy.o src/Entities/FireBall.o src/Entities/Objects/Object.o src/Entities/Objects/Surfaces/Pavement.o src/Entities/Objects/Surfaces/Ground.o src/Entities/Objects/Surfaces/MiniGround.o src/Entities/Objects/Surfaces/InvisibleBlock.o src/Entities/Objects/Obstacles/Box.o src/Entities/Objects/Obstacles/Thorns.o src/Entities/Objects/Obstacles/Statue.o src/Entities/Objects/Obstacles/Wagon.o src/Entities/Objects/Obstacles/Barrel.o src/Managers/Control/PlayerControl.o src/Managers/Control/LevelKeys.o src/Managers/Control/MenuControl.o src/Managers/Control/LevelControl.o src/Managers/Control/MenuKeys.o src/Managers/Control/PlayerKeys.o src/Managers/EventType.o src/Managers/Graphics.o src/Managers/Collision.o src/Managers/Input.o src/Managers/Keyboard.o src/Managers/Event.o src/Patterns/StateMachine.o src/Patterns/State.o src/Animation/Animator.o main.o  -lsfml-window  -lsfml-graphics  -lsfml-system
make: Leaving directory '/home/ch4pl1n/Documentos/UTFPR/2_periodo/tecnicas_de_programacao/trabalhos/game'
 
