make all --print-data-base --no-builtin-variables --no-builtin-rules --question
# GNU Make 4.2.1
# Built for x86_64-pc-linux-gnu
# Copyright (C) 1988-2016 Free Software Foundation, Inc.
# License GPLv3+: GNU GPL version 3 or later <http://gnu.org/licenses/gpl.html>
# This is free software: you are free to change and redistribute it.
# There is NO WARRANTY, to the extent permitted by law.

# Make data base, printed on Fri Jun 10 16:52:51 2022

# Variables

# automatic
<D = $(patsubst %/,%,$(dir $<))
# automatic
?F = $(notdir $?)
# environment
DESKTOP_SESSION = cinnamon
# default
.SHELLFLAGS := -c
# environment
XDG_SESSION_CLASS = user
# makefile (from 'Makefile', line 13)
SFML_FLAGS :=  -lsfml-window  -lsfml-graphics  -lsfml-system
# environment
XDG_SESSION_TYPE = x11
# environment
VSCODE_LOG_NATIVE = false
# automatic
?D = $(patsubst %/,%,$(dir $?))
# makefile (from 'Makefile', line 11)
INCLUDES :=  -Iinclude
# automatic
@D = $(patsubst %/,%,$(dir $@))
# environment
XAUTHORITY = /home/rasoto/.Xauthority
# environment
GDMSESSION = cinnamon
# default
MAKE_VERSION := 4.2.1
# makefile
CURDIR := /home/rasoto/Documents/Trabalhos/TecProg/JogoSamuraiSouls/TecProgGame
# makefile
SHELL = /bin/sh
# environment
GDM_LANG = en_US
# environment
VSCODE_NLS_CONFIG = {"locale":"en-us","availableLanguages":{},"_languagePackSupport":true}
# environment
_ = /usr/share/code/code
# environment
XDG_CONFIG_DIRS = /etc/xdg/xdg-cinnamon:/etc/xdg
# environment
GTK_OVERLAY_SCROLLING = 1
# makefile (from 'Makefile', line 1)
MAKEFILE_LIST :=  Makefile
# makefile (from 'Makefile', line 8)
 
HSRCS := include/Levels/FirstLevel.hpp include/Levels/SecondLevel.hpp include/Levels/Level.hpp include/Entities/Characters/Character.hpp include/Entities/Characters/Enemies/Boss.hpp include/Entities/Characters/Enemies/Skeleton.hpp include/Entities/Characters/Enemies/Enemy.hpp include/Entities/Characters/Enemies/Goblin.hpp include/Entities/Characters/Player.hpp include/Entities/FireBall.hpp include/Entities/Objects/Surfaces/MiniGround.hpp include/Entities/Objects/Surfaces/Ground.hpp include/Entities/Objects/Surfaces/Pavement.hpp include/Entities/Objects/Surfaces/InvisibleBlock.hpp include/Entities/Objects/Object.hpp include/Entities/Objects/Obstacles/Barrel.hpp include/Entities/Objects/Obstacles/Box.hpp include/Entities/Objects/Obstacles/Statue.hpp include/Entities/Objects/Obstacles/Wagon.hpp include/Entities/Objects/Obstacles/Thorns.hpp include/Entities/Objects/Obstacles/Gravestone.hpp include/Entities/Entity.hpp include/Patterns/Subject.hpp include/Patterns/State.hpp include/Patterns/Observer.hpp include/Patterns/StateMachine.hpp include/Menus/GameOver.hpp include/Menus/MainMenu.hpp include/Menus/Menu.hpp include/Game.hpp include/standard.hpp include/Type.hpp include/Animation/Animator.hpp include/Managers/EventType.hpp include/Managers/Keyboard.hpp include/Managers/Event.hpp include/Managers/Collision.hpp include/Managers/Control/PlayerKeys.hpp include/Managers/Control/PlayerControl.hpp include/Managers/Control/MenuControl.hpp include/Managers/Control/MenuKeys.hpp include/Managers/Graphics.hpp include/Managers/Input.hpp include/config.hpp include/Graphics/Background.hpp include/Graphics/Button.hpp include/Graphics/Text.hpp include/Lists/List.hpp include/Lists/EntityList.hpp include/Ent/Ent.hpp
# automatic
@F = $(notdir $@)
# environment
GIO_LAUNCHED_DESKTOP_FILE = /usr/share/applications/code.desktop
# 'override' directive
GNUMAKEFLAGS := 
# environment
MANDATORY_PATH = /usr/share/gconf/cinnamon.mandatory.path
# environment
XDG_DATA_DIRS = /usr/share/cinnamon:/usr/share/gnome:/home/rasoto/.local/share/flatpak/exports/share:/var/lib/flatpak/exports/share:/usr/local/share:/usr/share
# environment
DBUS_SESSION_BUS_ADDRESS = unix:path=/run/user/1000/bus
# environment
VSCODE_VERBOSE_LOGGING = true
# makefile (from 'Makefile', line 7)
CSRCS := ./main.cpp ./src/Levels/Level.cpp ./src/Levels/FirstLevel.cpp ./src/Levels/SecondLevel.cpp ./src/Entities/Characters/Character.cpp ./src/Entities/Characters/Enemies/Goblin.cpp ./src/Entities/Characters/Enemies/Enemy.cpp ./src/Entities/Characters/Enemies/Skeleton.cpp ./src/Entities/Characters/Enemies/Boss.cpp ./src/Entities/Characters/Player.cpp ./src/Entities/Objects/Object.cpp ./src/Entities/Objects/Surfaces/InvisibleBlock.cpp ./src/Entities/Objects/Surfaces/Ground.cpp ./src/Entities/Objects/Surfaces/MiniGround.cpp ./src/Entities/Objects/Surfaces/Pavement.cpp ./src/Entities/Objects/Obstacles/Statue.cpp ./src/Entities/Objects/Obstacles/Wagon.cpp ./src/Entities/Objects/Obstacles/Thorns.cpp ./src/Entities/Objects/Obstacles/Box.cpp ./src/Entities/Objects/Obstacles/Barrel.cpp ./src/Entities/FireBall.cpp ./src/Entities/Entity.cpp ./src/Patterns/State.cpp ./src/Patterns/StateMachine.cpp ./src/Menus/Menu.cpp ./src/Menus/MainMenu.cpp ./src/Menus/GameOver.cpp ./src/Animation/Animator.cpp ./src/Managers/Input.cpp ./src/Managers/Control/MenuControl.cpp ./src/Managers/Control/PlayerKeys.cpp ./src/Managers/Control/PlayerControl.cpp ./src/Managers/Control/MenuKeys.cpp ./src/Managers/Keyboard.cpp ./src/Managers/EventType.cpp ./src/Managers/Event.cpp ./src/Managers/Graphics.cpp ./src/Managers/Collision.cpp ./src/Graphics/Button.cpp ./src/Graphics/Text.cpp ./src/Graphics/Background.cpp ./src/Lists/EntityList.cpp ./src/Ent/Ent.cpp ./src/Game.cpp src/Levels/Level.cpp src/Levels/FirstLevel.cpp src/Levels/SecondLevel.cpp src/Entities/Characters/Character.cpp src/Entities/Characters/Enemies/Goblin.cpp src/Entities/Characters/Enemies/Enemy.cpp src/Entities/Characters/Enemies/Skeleton.cpp src/Entities/Characters/Enemies/Boss.cpp src/Entities/Characters/Player.cpp src/Entities/Objects/Object.cpp src/Entities/Objects/Surfaces/InvisibleBlock.cpp src/Entities/Objects/Surfaces/Ground.cpp src/Entities/Objects/Surfaces/MiniGround.cpp src/Entities/Objects/Surfaces/Pavement.cpp src/Entities/Objects/Obstacles/Statue.cpp src/Entities/Objects/Obstacles/Wagon.cpp src/Entities/Objects/Obstacles/Thorns.cpp src/Entities/Objects/Obstacles/Box.cpp src/Entities/Objects/Obstacles/Barrel.cpp src/Entities/FireBall.cpp src/Entities/Entity.cpp src/Patterns/State.cpp src/Patterns/StateMachine.cpp src/Menus/Menu.cpp src/Menus/MainMenu.cpp src/Menus/GameOver.cpp src/Animation/Animator.cpp src/Managers/Input.cpp src/Managers/Control/MenuControl.cpp src/Managers/Control/PlayerKeys.cpp src/Managers/Control/PlayerControl.cpp src/Managers/Control/MenuKeys.cpp src/Managers/Keyboard.cpp src/Managers/EventType.cpp src/Managers/Event.cpp src/Managers/Graphics.cpp src/Managers/Collision.cpp src/Graphics/Button.cpp src/Graphics/Text.cpp src/Graphics/Background.cpp src/Lists/EntityList.cpp src/Ent/Ent.cpp src/Game.cpp
# makefile (from 'Makefile', line 9)
OBJS := ./main.o ./src/Levels/Level.o ./src/Levels/FirstLevel.o ./src/Levels/SecondLevel.o ./src/Entities/Characters/Character.o ./src/Entities/Characters/Enemies/Goblin.o ./src/Entities/Characters/Enemies/Enemy.o ./src/Entities/Characters/Enemies/Skeleton.o ./src/Entities/Characters/Enemies/Boss.o ./src/Entities/Characters/Player.o ./src/Entities/Objects/Object.o ./src/Entities/Objects/Surfaces/InvisibleBlock.o ./src/Entities/Objects/Surfaces/Ground.o ./src/Entities/Objects/Surfaces/MiniGround.o ./src/Entities/Objects/Surfaces/Pavement.o ./src/Entities/Objects/Obstacles/Statue.o ./src/Entities/Objects/Obstacles/Wagon.o ./src/Entities/Objects/Obstacles/Thorns.o ./src/Entities/Objects/Obstacles/Box.o ./src/Entities/Objects/Obstacles/Barrel.o ./src/Entities/FireBall.o ./src/Entities/Entity.o ./src/Patterns/State.o ./src/Patterns/StateMachine.o ./src/Menus/Menu.o ./src/Menus/MainMenu.o ./src/Menus/GameOver.o ./src/Animation/Animator.o ./src/Managers/Input.o ./src/Managers/Control/MenuControl.o ./src/Managers/Control/PlayerKeys.o ./src/Managers/Control/PlayerControl.o ./src/Managers/Control/MenuKeys.o ./src/Managers/Keyboard.o ./src/Managers/EventType.o ./src/Managers/Event.o ./src/Managers/Graphics.o ./src/Managers/Collision.o ./src/Graphics/Button.o ./src/Graphics/Text.o ./src/Graphics/Background.o ./src/Lists/EntityList.o ./src/Ent/Ent.o ./src/Game.o src/Levels/Level.o src/Levels/FirstLevel.o src/Levels/SecondLevel.o src/Entities/Characters/Character.o src/Entities/Characters/Enemies/Goblin.o src/Entities/Characters/Enemies/Enemy.o src/Entities/Characters/Enemies/Skeleton.o src/Entities/Characters/Enemies/Boss.o src/Entities/Characters/Player.o src/Entities/Objects/Object.o src/Entities/Objects/Surfaces/InvisibleBlock.o src/Entities/Objects/Surfaces/Ground.o src/Entities/Objects/Surfaces/MiniGround.o src/Entities/Objects/Surfaces/Pavement.o src/Entities/Objects/Obstacles/Statue.o src/Entities/Objects/Obstacles/Wagon.o src/Entities/Objects/Obstacles/Thorns.o src/Entities/Objects/Obstacles/Box.o src/Entities/Objects/Obstacles/Barrel.o src/Entities/FireBall.o src/Entities/Entity.o src/Patterns/State.o src/Patterns/StateMachine.o src/Menus/Menu.o src/Menus/MainMenu.o src/Menus/GameOver.o src/Animation/Animator.o src/Managers/Input.o src/Managers/Control/MenuControl.o src/Managers/Control/PlayerKeys.o src/Managers/Control/PlayerControl.o src/Managers/Control/MenuKeys.o src/Managers/Keyboard.o src/Managers/EventType.o src/Managers/Event.o src/Managers/Graphics.o src/Managers/Collision.o src/Graphics/Button.o src/Graphics/Text.o src/Graphics/Background.o src/Lists/EntityList.o src/Ent/Ent.o src/Game.o
# environment
LESSOPEN = | /usr/bin/lesspipe %s
# environment
LC_NAME = pt_BR.UTF-8
# environment
VSCODE_CWD = /home/rasoto
# environment
XDG_SESSION_PATH = /org/freedesktop/DisplayManager/Session0
# default
MAKE_HOST := x86_64-pc-linux-gnu
# environment
PATH = /usr/local/sbin:/usr/local/bin:/usr/sbin:/usr/bin:/sbin:/bin:/usr/games:/usr/local/games:/snap/bin
# environment
GPG_AGENT_INFO = /run/user/1000/gnupg/S.gpg-agent:0:1
# environment
GJS_DEBUG_OUTPUT = stderr
# environment
SESSION_MANAGER = local/Rasoto-VirtualBox:@/tmp/.ICE-unix/1000,unix/Rasoto-VirtualBox:/tmp/.ICE-unix/1000
# environment
CINNAMON_SOFTWARE_RENDERING = 1
# environment
XDG_RUNTIME_DIR = /run/user/1000
# makefile (from 'Makefile', line 5)
INCLUDE_DIR := include
# environment
VSCODE_LOG_STACK = false
# environment
ELECTRON_RUN_AS_NODE = 1
# default
.FEATURES := target-specific order-only second-expansion else-if shortest-stem undefine oneshell archives jobserver output-sync check-symlink load
# environment
XDG_GREETER_DATA_DIR = /var/lib/lightdm-data/rasoto
# environment
LS_COLORS = 
# environment
XDG_SESSION_DESKTOP = cinnamon
# environment
SSH_AUTH_SOCK = /run/user/1000/keyring/ssh
# environment
GIO_LAUNCHED_DESKTOP_FILE_PID = 1586
# automatic
%F = $(notdir $%)
# environment
DISPLAY = :0
# environment
VSCODE_PIPE_LOGGING = true
# environment
PWD = /home/rasoto/Documents/Trabalhos/TecProg/JogoSamuraiSouls/TecProgGame
# environment
QT_QPA_PLATFORMTHEME = qt5ct
# default
.LOADED := 
# environment
XDG_SEAT = seat0
# environment
SSH_AGENT_PID = 1089
# environment
ORIGINAL_XDG_CURRENT_DESKTOP = X-Cinnamon
# makefile (from 'Makefile', line 4)
SRC_DIR := src
# environment
GTK_MODULES = xapp-gtk3-module:gail:atk-bridge
# environment
VSCODE_AMD_ENTRYPOINT = vs/workbench/api/node/extensionHostProcess
# environment
HOME = /home/rasoto
# environment
LESSCLOSE = /usr/bin/lesspipe %s %s
# environment
VSCODE_CODE_CACHE_PATH = /home/rasoto/.config/Code/CachedData/c3511e6c69bb39013c4a4b7b9566ec1ca73fc4d5
# environment
LOGNAME = rasoto
# environment
APPLICATION_INSIGHTS_NO_DIAGNOSTIC_CHANNEL = true
# automatic
+F = $(notdir $+)
# environment
CINNAMON_SLOWDOWN_FACTOR = 0.0001
# environment
VSCODE_HANDLES_UNCAUGHT_ERRORS = true
# environment
GNOME_DESKTOP_SESSION_ID = this-is-deprecated
# automatic
^D = $(patsubst %/,%,$(dir $^))
# environment
XDG_VTNR = 7
# makefile (from 'Makefile', line 12)
SFML_MODULES := window graphics system
# environment
MAKELEVEL := 0
# default
MAKE = $(MAKE_COMMAND)
# default
MAKECMDGOALS := all
# environment
SHLVL = 0
# makefile (from 'Makefile', line 3)
CC := g++
# environment
VSCODE_IPC_HOOK_EXTHOST = /run/user/1000/vscode-ipc-2793381c-a0b0-4d48-b5ee-66c98595c180.sock
# environment
XDG_SESSION_ID = c2
# environment
USER = rasoto
# environment
LC_MONETARY = pt_BR.UTF-8
# makefile
.DEFAULT_GOAL := all
# environment
XDG_CURRENT_DESKTOP = X-Cinnamon
# automatic
%D = $(patsubst %/,%,$(dir $%))
# environment
LC_TELEPHONE = pt_BR.UTF-8
# default
MAKE_COMMAND := make
# default
.VARIABLES := 
# automatic
*F = $(notdir $*)
# environment
LANGUAGE = en_US
# environment
XDG_SEAT_PATH = /org/freedesktop/DisplayManager/Seat0
# environment
VSCODE_IPC_HOOK = /run/user/1000/vscode-7522fabf-1.67.2-main.sock
# makefile
MAKEFLAGS = pqrR
# environment
MFLAGS = -pqrR
# automatic
*D = $(patsubst %/,%,$(dir $*))
# automatic
+D = $(patsubst %/,%,$(dir $+))
# environment
GDK_BACKEND = x11
# environment
LC_PAPER = pt_BR.UTF-8
# environment
CINNAMON_VERSION = 4.8.5
# environment
QT_ACCESSIBILITY = 1
# environment
DEFAULTS_PATH = /usr/share/gconf/cinnamon.default.path
# 'override' directive
.SHELLSTATUS := 0
# default
MAKEFILES := 
# environment
LC_NUMERIC = pt_BR.UTF-8
# automatic
<F = $(notdir $<)
# makefile (from 'Makefile', line 1)
PROJECT_NAME := main
# environment
LC_MEASUREMENT = pt_BR.UTF-8
# environment
LC_ALL = C
# environment
GJS_DEBUG_TOPICS = JS ERROR;JS LOG
# automatic
^F = $(notdir $^)
# default
SUFFIXES := 
# makefile (from 'Makefile', line 15)
FLAGS = $(SFML_FLAGS) -lm $(INCLUDES) -c
# environment
CHROME_DESKTOP = code-url-handler.desktop
# default
.INCLUDE_DIRS = /usr/include /usr/local/include /usr/include
# environment
LC_IDENTIFICATION = pt_BR.UTF-8
# default
.RECIPEPREFIX := 
# environment
LC_ADDRESS = pt_BR.UTF-8
# environment
LANG = C
# environment
VSCODE_PID = 1586
# variable set hash-table stats:
# Load=122/1024=12%, Rehash=0, Collisions=18/169=11%

# Pattern-specific Variable Values

# No pattern-specific variable values.

# Directories

# . (device 2053, inode 949112): 15 files, no impossibilities.
# src/Levels (device 2053, inode 1061012): 6 files, no impossibilities so far.
# src/Entities/Characters/Enemies (device 2053, inode 1060990): 9 files, no impossibilities so far.
# src/Entities/Characters (device 2053, inode 1060988): 5 files, no impossibilities so far.

# 35 files, no impossibilities in 4 directories.

# Implicit Rules

%.o: %.cpp
#  recipe to execute (from 'Makefile', line 23):
	$(CC) -o $@ $< $(FLAGS) 

# 1 implicit rules, 0 (0.0%) terminal.

# Files

src/Levels/Level.o: src/Levels/Level.cpp
#  Implicit rule search has been done.
#  Implicit/static pattern stem: 'src/Levels/Level'
#  Last modified 2022-06-10 13:06:46.449182777
#  File has been updated.
#  Successfully updated.
#  recipe to execute (from 'Makefile', line 23):
	$(CC) -o $@ $< $(FLAGS) 

# Not a target:
src/Menus/Menu.o:
#  Implicit rule search has not been done.
#  Modification time never checked.
#  File has not been updated.

# Not a target:
src/Managers/EventType.o:
#  Implicit rule search has not been done.
#  Modification time never checked.
#  File has not been updated.

src/Levels/FirstLevel.o: src/Levels/FirstLevel.cpp
#  Implicit rule search has been done.
#  Implicit/static pattern stem: 'src/Levels/FirstLevel'
#  Last modified 2022-06-10 13:06:46.913189758
#  File has been updated.
#  Successfully updated.
#  recipe to execute (from 'Makefile', line 23):
	$(CC) -o $@ $< $(FLAGS) 

all: main
#  Phony target (prerequisite of .PHONY).
#  Command line target.
#  Implicit rule search has not been done.
#  File does not exist.
#  File has been updated.
#  Needs to be updated (-q is set).
# variable set hash-table stats:
# Load=0/32=0%, Rehash=0, Collisions=0/7=0%

# Not a target:
src/Managers/Collision.o:
#  Implicit rule search has not been done.
 
#  Modification time never checked.
#  File has not been updated.

.PHONY: clean all
#  Implicit rule search has not been done.
#  Modification time never checked.
#  File has not been updated.

# Not a target:
src/Managers/Keyboard.o:
#  Implicit rule search has not been done.
#  Modification time never checked.
#  File has not been updated.

# Not a target:
src/Entities/Objects/Obstacles/Box.o:
#  Implicit rule search has not been done.
#  Modification time never checked.
#  File has not been updated.

# Not a target:
src/Entities/Objects/Object.o:
#  Implicit rule search has not been done.
#  Modification time never checked.
#  File has not been updated.

# Not a target:
src/Entities/Entity.o:
#  Implicit rule search has not been done.
#  Modification time never checked.
#  File has not been updated.

# Not a target:
src/Entities/Characters/Enemies/Skeleton.cpp:
#  Implicit rule search has been done.
#  Last modified 2022-06-09 22:37:00.293489041
#  File has been updated.
#  Successfully updated.

# Not a target:
src/Entities/Objects/Obstacles/Thorns.o:
#  Implicit rule search has not been done.
#  Modification time never checked.
#  File has not been updated.

src/Entities/Characters/Enemies/Goblin.o: src/Entities/Characters/Enemies/Goblin.cpp
#  Implicit rule search has been done.
#  Implicit/static pattern stem: 'src/Entities/Characters/Enemies/Goblin'
#  Last modified 2022-06-10 13:06:47.745202271
#  File has been updated.
#  Successfully updated.
#  recipe to execute (from 'Makefile', line 23):
	$(CC) -o $@ $< $(FLAGS) 

# Not a target:
Makefile:
#  Implicit rule search has been done.
#  Last modified 2022-06-09 04:58:28.552371143
#  File has been updated.
#  Successfully updated.

# Not a target:
src/Entities/Characters/Character.cpp:
#  Implicit rule search has been done.
#  Last modified 2022-06-09 04:58:28.560371273
#  File has been updated.
#  Successfully updated.

# Not a target:
src/Entities/Objects/Surfaces/InvisibleBlock.o:
#  Implicit rule search has not been done.
#  Modification time never checked.
#  File has not been updated.

src/Entities/Characters/Enemies/Enemy.o: src/Entities/Characters/Enemies/Enemy.cpp
#  Implicit rule search has been done.
#  Implicit/static pattern stem: 'src/Entities/Characters/Enemies/Enemy'
#  Last modified 2022-06-10 13:23:35.23806309
#  File has been updated.
#  Successfully updated.
#  recipe to execute (from 'Makefile', line 23):
	$(CC) -o $@ $< $(FLAGS) 

# Not a target:
src/Entities/Characters/Enemies/Enemy.cpp:
#  Implicit rule search has been done.
#  Last modified 2022-06-10 13:23:33.418027488
#  File has been updated.
#  Successfully updated.

# Not a target:
src/Managers/Input.o:
#  Implicit rule search has not been done.
#  Modification time never checked.
#  File has not been updated.

# Not a target:
main.cpp:
#  Implicit rule search has been done.
#  Last modified 2022-06-09 04:58:28.560371273
#  File has been updated.
#  Successfully updated.

# Not a target:
src/Graphics/Button.o:
#  Implicit rule search has not been done.
#  Modification time never checked.
#  File has not been updated.

# Not a target:
src/Entities/Objects/Obstacles/Wagon.o:
#  Implicit rule search has not been done.
#  Modification time never checked.
#  File has not been updated.

# Not a target:
src/Entities/Characters/Player.o:
#  Implicit rule search has not been done.
#  Modification time never checked.
#  File has not been updated.

# Not a target:
src/Lists/EntityList.o:
#  Implicit rule search has not been done.
#  Modification time never checked.
#  File has not been updated.

# Not a target:
src/Levels/SecondLevel.cpp:
#  Implicit rule search has been done.
#  Last modified 2022-06-10 08:38:26.623865336
#  File has been updated.
#  Successfully updated.

# Not a target:
src/Entities/Characters/Enemies/Boss.cpp:
#  Implicit rule search has been done.
#  Last modified 2022-06-10 13:54:10.782746893
#  File has been updated.
#  Successfully updated.

# Not a target:
src/Managers/Graphics.o:
#  Implicit rule search has not been done.
#  Modification time never checked.
#  File has not been updated.

src/Levels/SecondLevel.o: src/Levels/SecondLevel.cpp
#  Implicit rule search has been done.
#  Implicit/static pattern stem: 'src/Levels/SecondLevel'
#  Last modified 2022-06-10 13:06:46.925189939
#  File has been updated.
#  Successfully updated.
#  recipe to execute (from 'Makefile', line 23):
	$(CC) -o $@ $< $(FLAGS) 

# Not a target:
src/Animation/Animator.o:
#  Implicit rule search has not been done.
#  Modification time never checked.
#  File has not been updated.

# Not a target:
src/Graphics/Background.o:
#  Implicit rule search has not been done.
#  Modification time never checked.
#  File has not been updated.

# Not a target:
.DEFAULT:
#  Implicit rule search has not been done.
#  Modification time never checked.
#  File has not been updated.

# Not a target:
src/Levels/Level.cpp:
#  Implicit rule search has been done.
#  Last modified 2022-06-10 13:00:32.104406172
#  File has been updated.
#  Successfully updated.

# Not a target:
src/Managers/Control/MenuKeys.o:
#  Implicit rule search has not been done.
#  Modification time never checked.
#  File has not been updated.

src/Entities/Characters/Enemies/Skeleton.o: src/Entities/Characters/Enemies/Skeleton.cpp
#  Implicit rule search has been done.
#  Implicit/static pattern stem: 'src/Entities/Characters/Enemies/Skeleton'
#  Last modified 2022-06-10 13:06:48.493213501
#  File has been updated.
 
#  Successfully updated.
#  recipe to execute (from 'Makefile', line 23):
	$(CC) -o $@ $< $(FLAGS) 

# Not a target:
src/Managers/Event.o:
#  Implicit rule search has not been done.
#  Modification time never checked.
#  File has not been updated.

# Not a target:
src/Levels/FirstLevel.cpp:
#  Implicit rule search has been done.
#  Last modified 2022-06-10 13:00:49.932575703
#  File has been updated.
#  Successfully updated.

# Not a target:
src/Menus/GameOver.o:
#  Implicit rule search has not been done.
#  Modification time never checked.
#  File has not been updated.

# Not a target:
src/Entities/Objects/Surfaces/Pavement.o:
#  Implicit rule search has not been done.
#  Modification time never checked.
#  File has not been updated.

clean:
#  Phony target (prerequisite of .PHONY).
#  Implicit rule search has not been done.
#  File does not exist.
#  File has not been updated.
#  recipe to execute (from 'Makefile', line 29):
	rm -rf $(shell find ./ $(SRC_DIR) -name "*.o") ./$(PROJECT_NAME)

# Not a target:
src/Entities/Objects/Surfaces/MiniGround.o:
#  Implicit rule search has not been done.
#  Modification time never checked.
#  File has not been updated.

# Not a target:
src/Menus/MainMenu.o:
#  Implicit rule search has not been done.
#  Modification time never checked.
#  File has not been updated.

# Not a target:
src/Managers/Control/PlayerKeys.o:
#  Implicit rule search has not been done.
#  Modification time never checked.
#  File has not been updated.

src/Entities/Characters/Character.o: src/Entities/Characters/Character.cpp
#  Implicit rule search has been done.
#  Implicit/static pattern stem: 'src/Entities/Characters/Character'
#  Last modified 2022-06-10 13:06:47.269195111
#  File has been updated.
#  Successfully updated.
#  recipe to execute (from 'Makefile', line 23):
	$(CC) -o $@ $< $(FLAGS) 

# Not a target:
src/Entities/FireBall.o:
#  Implicit rule search has not been done.
#  Modification time never checked.
#  File has not been updated.

main: main.o src/Levels/Level.o src/Levels/FirstLevel.o src/Levels/SecondLevel.o src/Entities/Characters/Character.o src/Entities/Characters/Enemies/Goblin.o src/Entities/Characters/Enemies/Enemy.o src/Entities/Characters/Enemies/Skeleton.o src/Entities/Characters/Enemies/Boss.o src/Entities/Characters/Player.o src/Entities/Objects/Object.o src/Entities/Objects/Surfaces/InvisibleBlock.o src/Entities/Objects/Surfaces/Ground.o src/Entities/Objects/Surfaces/MiniGround.o src/Entities/Objects/Surfaces/Pavement.o src/Entities/Objects/Obstacles/Statue.o src/Entities/Objects/Obstacles/Wagon.o src/Entities/Objects/Obstacles/Thorns.o src/Entities/Objects/Obstacles/Box.o src/Entities/Objects/Obstacles/Barrel.o src/Entities/FireBall.o src/Entities/Entity.o src/Patterns/State.o src/Patterns/StateMachine.o src/Menus/Menu.o src/Menus/MainMenu.o src/Menus/GameOver.o src/Animation/Animator.o src/Managers/Input.o src/Managers/Control/MenuControl.o src/Managers/Control/PlayerKeys.o src/Managers/Control/PlayerControl.o src/Managers/Control/MenuKeys.o src/Managers/Keyboard.o src/Managers/EventType.o src/Managers/Event.o src/Managers/Graphics.o src/Managers/Collision.o src/Graphics/Button.o src/Graphics/Text.o src/Graphics/Background.o src/Lists/EntityList.o src/Ent/Ent.o src/Game.o src/Levels/Level.o src/Levels/FirstLevel.o src/Levels/SecondLevel.o src/Entities/Characters/Character.o src/Entities/Characters/Enemies/Goblin.o src/Entities/Characters/Enemies/Enemy.o src/Entities/Characters/Enemies/Skeleton.o src/Entities/Characters/Enemies/Boss.o src/Entities/Characters/Player.o src/Entities/Objects/Object.o src/Entities/Objects/Surfaces/InvisibleBlock.o src/Entities/Objects/Surfaces/Ground.o src/Entities/Objects/Surfaces/MiniGround.o src/Entities/Objects/Surfaces/Pavement.o src/Entities/Objects/Obstacles/Statue.o src/Entities/Objects/Obstacles/Wagon.o src/Entities/Objects/Obstacles/Thorns.o src/Entities/Objects/Obstacles/Box.o src/Entities/Objects/Obstacles/Barrel.o src/Entities/FireBall.o src/Entities/Entity.o src/Patterns/State.o src/Patterns/StateMachine.o src/Menus/Menu.o src/Menus/MainMenu.o src/Menus/GameOver.o src/Animation/Animator.o src/Managers/Input.o src/Managers/Control/MenuControl.o src/Managers/Control/PlayerKeys.o src/Managers/Control/PlayerControl.o src/Managers/Control/MenuKeys.o src/Managers/Keyboard.o src/Managers/EventType.o src/Managers/Event.o src/Managers/Graphics.o src/Managers/Collision.o src/Graphics/Button.o src/Graphics/Text.o src/Graphics/Background.o src/Lists/EntityList.o src/Ent/Ent.o src/Game.o
#  Implicit rule search has not been done.
#  Last modified 2022-06-10 13:23:35.346065201
#  File has been updated.
#  Needs to be updated (-q is set).
# variable set hash-table stats:
# Load=0/32=0%, Rehash=0, Collisions=0/7=0%
#  recipe to execute (from 'Makefile', line 20):
	$(CC) -o $@ $^ $(SFML_FLAGS)

main.o: main.cpp
#  Implicit rule search has not been done.
#  Last modified 2022-06-10 13:06:46.02117633
#  File has been updated.
#  Successfully updated.
#  recipe to execute (from 'Makefile', line 26):
	$(CC) -o $@ $< $(FLAGS)

# Not a target:
src/Ent/Ent.o:
#  Implicit rule search has not been done.
#  Modification time never checked.
#  File has not been updated.

# Not a target:
src/Entities/Characters/Enemies/Goblin.cpp:
#  Implicit rule search has been done.
#  Last modified 2022-06-09 22:37:00.293489041
#  File has been updated.
#  Successfully updated.

# Not a target:
src/Game.o:
#  Implicit rule search has not been done.
#  Modification time never checked.
#  File has not been updated.

# Not a target:
src/Patterns/State.o:
#  Implicit rule search has not been done.
#  Modification time never checked.
#  File has not been updated.

src/Entities/Characters/Enemies/Boss.o: src/Entities/Characters/Enemies/Boss.cpp
#  Implicit rule search has been done.
#  Implicit/static pattern stem: 'src/Entities/Characters/Enemies/Boss'
#  Last modified 2022-06-10 13:06:48.881219323
#  File has been updated.
#  Needs to be updated (-q is set).
# automatic
# @ := src/Entities/Characters/Enemies/Boss.o
# automatic
# % := 
# automatic
# * := src/Entities/Characters/Enemies/Boss
# automatic
# + := src/Entities/Characters/Enemies/Boss.cpp
# automatic
# | := 
# automatic
# < := src/Entities/Characters/Enemies/Boss.cpp
# automatic
# ^ := src/Entities/Characters/Enemies/Boss.cpp
# automatic
# ? := src/Entities/Characters/Enemies/Boss.cpp
# variable set hash-table stats:
# Load=8/32=25%, Rehash=0, Collisions=1/17=6%
#  recipe to execute (from 'Makefile', line 23):
	$(CC) -o $@ $< $(FLAGS) 

# Not a target:
src/Managers/Control/MenuControl.o:
#  Implicit rule search has not been done.
#  Modification time never checked.
#  File has not been updated.

# Not a target:
src/Entities/Objects/Obstacles/Statue.o:
 
#  Implicit rule search has not been done.
#  Modification time never checked.
#  File has not been updated.

# Not a target:
src/Entities/Objects/Obstacles/Barrel.o:
#  Implicit rule search has not been done.
#  Modification time never checked.
#  File has not been updated.

# Not a target:
src/Entities/Objects/Surfaces/Ground.o:
#  Implicit rule search has not been done.
#  Modification time never checked.
#  File has not been updated.

# Not a target:
src/Managers/Control/PlayerControl.o:
#  Implicit rule search has not been done.
#  Modification time never checked.
#  File has not been updated.

# Not a target:
src/Patterns/StateMachine.o:
#  Implicit rule search has not been done.
#  Modification time never checked.
#  File has not been updated.

# Not a target:
src/Graphics/Text.o:
#  Implicit rule search has not been done.
#  Modification time never checked.
#  File has not been updated.

# files hash-table stats:
# Load=60/1024=6%, Rehash=0, Collisions=6/188=3%
# VPATH Search Paths

# No 'vpath' search paths.

# No general ('VPATH' variable) search path.

# strcache buffers: 1 (0) / strings = 101 / storage = 2225 B / avg = 22 B
# current buf: size = 8162 B / used = 2225 B / count = 101 / avg = 22 B

# strcache performance: lookups = 174 / hit rate = 41%
# hash-table stats:
# Load=101/8192=1%, Rehash=0, Collisions=4/174=2%
# Finished Make data base on Fri Jun 10 16:52:51 2022

 
